{"D:\\Projetos\\Tests\\ActiveView\\Frontend\\src\\api\\auth.ts": {"path":"D:\\Projetos\\Tests\\ActiveView\\Frontend\\src\\api\\auth.ts","statementMap":{"0":{"start":{"line":17,"column":24},"end":{"line":20,"column":1}},"1":{"start":{"line":18,"column":19},"end":{"line":18,"column":66}},"2":{"start":{"line":19,"column":2},"end":{"line":19,"column":37}},"3":{"start":{"line":22,"column":21},"end":{"line":25,"column":1}},"4":{"start":{"line":23,"column":19},"end":{"line":23,"column":63}},"5":{"start":{"line":24,"column":2},"end":{"line":24,"column":37}},"6":{"start":{"line":27,"column":34},"end":{"line":30,"column":1}},"7":{"start":{"line":28,"column":19},"end":{"line":28,"column":56}},"8":{"start":{"line":29,"column":2},"end":{"line":29,"column":36}},"9":{"start":{"line":32,"column":36},"end":{"line":35,"column":1}},"10":{"start":{"line":33,"column":19},"end":{"line":33,"column":73}},"11":{"start":{"line":34,"column":2},"end":{"line":34,"column":49}},"12":{"start":{"line":37,"column":29},"end":{"line":39,"column":1}},"13":{"start":{"line":38,"column":2},"end":{"line":38,"column":76}},"14":{"start":{"line":58,"column":30},"end":{"line":64,"column":2}},"15":{"start":{"line":58,"column":75},"end":{"line":64,"column":1}},"16":{"start":{"line":66,"column":23},"end":{"line":74,"column":2}},"17":{"start":{"line":66,"column":56},"end":{"line":74,"column":1}}},"fnMap":{"0":{"name":"(anonymous_0)","decl":{"start":{"line":17,"column":24},"end":{"line":17,"column":25}},"loc":{"start":{"line":17,"column":83},"end":{"line":20,"column":1}},"line":17},"1":{"name":"(anonymous_1)","decl":{"start":{"line":22,"column":21},"end":{"line":22,"column":22}},"loc":{"start":{"line":22,"column":77},"end":{"line":25,"column":1}},"line":22},"2":{"name":"(anonymous_2)","decl":{"start":{"line":27,"column":34},"end":{"line":27,"column":35}},"loc":{"start":{"line":27,"column":70},"end":{"line":30,"column":1}},"line":27},"3":{"name":"(anonymous_3)","decl":{"start":{"line":32,"column":36},"end":{"line":32,"column":37}},"loc":{"start":{"line":32,"column":61},"end":{"line":35,"column":1}},"line":32},"4":{"name":"(anonymous_4)","decl":{"start":{"line":37,"column":29},"end":{"line":37,"column":30}},"loc":{"start":{"line":37,"column":75},"end":{"line":39,"column":1}},"line":37},"5":{"name":"(anonymous_5)","decl":{"start":{"line":58,"column":30},"end":{"line":58,"column":31}},"loc":{"start":{"line":58,"column":75},"end":{"line":64,"column":1}},"line":58},"6":{"name":"(anonymous_6)","decl":{"start":{"line":66,"column":23},"end":{"line":66,"column":24}},"loc":{"start":{"line":66,"column":56},"end":{"line":74,"column":1}},"line":66}},"branchMap":{"0":{"loc":{"start":{"line":29,"column":9},"end":{"line":29,"column":35}},"type":"binary-expr","locations":[{"start":{"line":29,"column":9},"end":{"line":29,"column":27}},{"start":{"line":29,"column":31},"end":{"line":29,"column":35}}],"line":29},"1":{"loc":{"start":{"line":59,"column":16},"end":{"line":59,"column":34}},"type":"binary-expr","locations":[{"start":{"line":59,"column":16},"end":{"line":59,"column":28}},{"start":{"line":59,"column":32},"end":{"line":59,"column":34}}],"line":59},"2":{"loc":{"start":{"line":61,"column":17},"end":{"line":61,"column":51}},"type":"binary-expr","locations":[{"start":{"line":61,"column":17},"end":{"line":61,"column":45}},{"start":{"line":61,"column":49},"end":{"line":61,"column":51}}],"line":61},"3":{"loc":{"start":{"line":62,"column":15},"end":{"line":62,"column":53}},"type":"binary-expr","locations":[{"start":{"line":62,"column":15},"end":{"line":62,"column":41}},{"start":{"line":62,"column":45},"end":{"line":62,"column":53}}],"line":62},"4":{"loc":{"start":{"line":67,"column":6},"end":{"line":67,"column":18}},"type":"binary-expr","locations":[{"start":{"line":67,"column":6},"end":{"line":67,"column":13}},{"start":{"line":67,"column":17},"end":{"line":67,"column":18}}],"line":67},"5":{"loc":{"start":{"line":68,"column":9},"end":{"line":68,"column":25}},"type":"binary-expr","locations":[{"start":{"line":68,"column":9},"end":{"line":68,"column":19}},{"start":{"line":68,"column":23},"end":{"line":68,"column":25}}],"line":68},"6":{"loc":{"start":{"line":69,"column":8},"end":{"line":69,"column":23}},"type":"binary-expr","locations":[{"start":{"line":69,"column":8},"end":{"line":69,"column":17}},{"start":{"line":69,"column":21},"end":{"line":69,"column":23}}],"line":69},"7":{"loc":{"start":{"line":70,"column":11},"end":{"line":70,"column":31}},"type":"binary-expr","locations":[{"start":{"line":70,"column":11},"end":{"line":70,"column":23}},{"start":{"line":70,"column":27},"end":{"line":70,"column":31}}],"line":70},"8":{"loc":{"start":{"line":71,"column":13},"end":{"line":71,"column":69}},"type":"binary-expr","locations":[{"start":{"line":71,"column":13},"end":{"line":71,"column":27}},{"start":{"line":71,"column":32},"end":{"line":71,"column":68}}],"line":71},"9":{"loc":{"start":{"line":71,"column":32},"end":{"line":71,"column":68}},"type":"cond-expr","locations":[{"start":{"line":71,"column":48},"end":{"line":71,"column":63}},{"start":{"line":71,"column":66},"end":{"line":71,"column":68}}],"line":71},"10":{"loc":{"start":{"line":72,"column":18},"end":{"line":72,"column":67}},"type":"binary-expr","locations":[{"start":{"line":72,"column":18},"end":{"line":72,"column":38}},{"start":{"line":72,"column":42},"end":{"line":72,"column":61}},{"start":{"line":72,"column":65},"end":{"line":72,"column":67}}],"line":72},"11":{"loc":{"start":{"line":73,"column":16},"end":{"line":73,"column":43}},"type":"binary-expr","locations":[{"start":{"line":73,"column":16},"end":{"line":73,"column":35}},{"start":{"line":73,"column":39},"end":{"line":73,"column":43}}],"line":73}},"s":{"0":1,"1":2,"2":2,"3":1,"4":2,"5":2,"6":1,"7":2,"8":2,"9":1,"10":1,"11":1,"12":1,"13":1,"14":1,"15":4,"16":1,"17":6},"f":{"0":2,"1":2,"2":2,"3":1,"4":1,"5":4,"6":6},"b":{"0":[2,1],"1":[4,0],"2":[4,2],"3":[4,2],"4":[6,1],"5":[6,1],"6":[6,1],"7":[6,6],"8":[6,5],"9":[2,3],"10":[6,5,4],"11":[6,6]},"_coverageSchema":"1a1c01bbd47fc00a2c39e90264f33305004495a9","hash":"aa0ab6a98edc972d1be562eabf87993701cde342"}
,"D:\\Projetos\\Tests\\ActiveView\\Frontend\\src\\utils\\logger.ts": {"path":"D:\\Projetos\\Tests\\ActiveView\\Frontend\\src\\utils\\logger.ts","statementMap":{"0":{"start":{"line":3,"column":13},"end":{"line":6,"column":1}},"1":{"start":{"line":4,"column":18},"end":{"line":4,"column":79}},"2":{"start":{"line":5,"column":2},"end":{"line":5,"column":84}},"3":{"start":{"line":8,"column":23},"end":{"line":8,"column":103}},"4":{"start":{"line":8,"column":76},"end":{"line":8,"column":103}},"5":{"start":{"line":9,"column":23},"end":{"line":9,"column":103}},"6":{"start":{"line":9,"column":76},"end":{"line":9,"column":103}},"7":{"start":{"line":10,"column":24},"end":{"line":10,"column":105}},"8":{"start":{"line":10,"column":77},"end":{"line":10,"column":105}}},"fnMap":{"0":{"name":"(anonymous_0)","decl":{"start":{"line":3,"column":13},"end":{"line":3,"column":14}},"loc":{"start":{"line":3,"column":83},"end":{"line":6,"column":1}},"line":3},"1":{"name":"(anonymous_1)","decl":{"start":{"line":8,"column":23},"end":{"line":8,"column":24}},"loc":{"start":{"line":8,"column":76},"end":{"line":8,"column":103}},"line":8},"2":{"name":"(anonymous_2)","decl":{"start":{"line":9,"column":23},"end":{"line":9,"column":24}},"loc":{"start":{"line":9,"column":76},"end":{"line":9,"column":103}},"line":9},"3":{"name":"(anonymous_3)","decl":{"start":{"line":10,"column":24},"end":{"line":10,"column":25}},"loc":{"start":{"line":10,"column":77},"end":{"line":10,"column":105}},"line":10}},"branchMap":{"0":{"loc":{"start":{"line":5,"column":10},"end":{"line":5,"column":73}},"type":"cond-expr","locations":[{"start":{"line":5,"column":30},"end":{"line":5,"column":37}},{"start":{"line":5,"column":40},"end":{"line":5,"column":73}}],"line":5},"1":{"loc":{"start":{"line":5,"column":40},"end":{"line":5,"column":73}},"type":"cond-expr","locations":[{"start":{"line":5,"column":59},"end":{"line":5,"column":65}},{"start":{"line":5,"column":68},"end":{"line":5,"column":73}}],"line":5}},"s":{"0":3,"1":9,"2":9,"3":3,"4":4,"5":3,"6":3,"7":3,"8":2},"f":{"0":9,"1":4,"2":3,"3":2},"b":{"0":[2,7],"1":[3,4]},"_coverageSchema":"1a1c01bbd47fc00a2c39e90264f33305004495a9","hash":"6ff512d2e945e3e30fa3352d83bfb7ae0c1f5c0f"}
}
