TN:
SF:src\api\auth.ts
FN:17,(anonymous_0)
FN:22,(anonymous_1)
FN:27,(anonymous_2)
FN:32,(anonymous_3)
FN:37,(anonymous_4)
FN:58,(anonymous_5)
FN:66,(anonymous_6)
FNF:7
FNH:7
FNDA:2,(anonymous_0)
FNDA:2,(anonymous_1)
FNDA:2,(anonymous_2)
FNDA:1,(anonymous_3)
FNDA:1,(anonymous_4)
FNDA:4,(anonymous_5)
FNDA:6,(anonymous_6)
DA:17,1
DA:18,2
DA:19,2
DA:22,1
DA:23,2
DA:24,2
DA:27,1
DA:28,2
DA:29,2
DA:32,1
DA:33,1
DA:34,1
DA:37,1
DA:38,1
DA:58,4
DA:66,6
LF:16
LH:16
BRDA:29,0,0,2
BRDA:29,0,1,1
BRDA:59,1,0,4
BRDA:59,1,1,0
BRDA:61,2,0,4
BRDA:61,2,1,2
BRDA:62,3,0,4
BRDA:62,3,1,2
BRDA:67,4,0,6
BRDA:67,4,1,1
BRDA:68,5,0,6
BRDA:68,5,1,1
BRDA:69,6,0,6
BRDA:69,6,1,1
BRDA:70,7,0,6
BRDA:70,7,1,6
BRDA:71,8,0,6
BRDA:71,8,1,5
BRDA:71,9,0,2
BRDA:71,9,1,3
BRDA:72,10,0,6
BRDA:72,10,1,5
BRDA:72,10,2,4
BRDA:73,11,0,6
BRDA:73,11,1,6
BRF:25
BRH:24
end_of_record
TN:
SF:src\utils\logger.ts
FN:3,(anonymous_0)
FN:8,(anonymous_1)
FN:9,(anonymous_2)
FN:10,(anonymous_3)
FNF:4
FNH:4
FNDA:9,(anonymous_0)
FNDA:4,(anonymous_1)
FNDA:3,(anonymous_2)
FNDA:2,(anonymous_3)
DA:3,3
DA:4,9
DA:5,9
DA:8,4
DA:9,3
DA:10,3
LF:6
LH:6
BRDA:5,0,0,2
BRDA:5,0,1,7
BRDA:5,1,0,3
BRDA:5,1,1,4
BRF:4
BRH:4
end_of_record
